This is pdfeTeX, Version 3.141592-1.21a-2.2 (Web2C 7.5.4) (format=pdflatex 2007.11.29)  3 SEP 2009 14:14
entering extended mode
**ArticleMANCOVA.tex
(./ArticleMANCOVA.tex
LaTeX2e <2003/12/01>
Babel <v3.8d> and hyphenation patterns for american, french, german, ngerman, b
ahasa, basque, bulgarian, catalan, croatian, czech, danish, dutch, esperanto, e
stonian, finnish, greek, icelandic, irish, italian, latin, magyar, norsk, polis
h, portuges, romanian, russian, serbian, slovak, slovene, spanish, swedish, tur
kish, ukrainian, nohyphenation, loaded.
(./InsightArticle.cls
Document Class: InsightArticle 1998/02/25 Document class (Insight Article)
(/usr/share/texmf/tex/latex/psnfss/times.sty
Package: times 2004/09/15 PSNFSS-v9.2 (SPQR) 
)
Using Times instead of Computer Modern.
(/usr/share/texmf/tex/latex/base/article.cls
Document Class: article 2004/02/16 v1.4f Standard LaTeX document class
(/usr/share/texmf/tex/latex/base/size11.clo
File: size11.clo 2004/02/16 v1.4f Standard LaTeX file (size option)
)
\c@part=\count79
\c@section=\count80
\c@subsection=\count81
\c@subsubsection=\count82
\c@paragraph=\count83
\c@subparagraph=\count84
\c@figure=\count85
\c@table=\count86
\abovecaptionskip=\skip41
\belowcaptionskip=\skip42
\bibindent=\dimen102
)
(/usr/share/texmf/tex/latex/fancyhdr/fancyhdr.sty
\fancy@headwidth=\skip43
\f@ncyO@elh=\skip44
\f@ncyO@erh=\skip45
\f@ncyO@olh=\skip46
\f@ncyO@orh=\skip47
\f@ncyO@elf=\skip48
\f@ncyO@erf=\skip49
\f@ncyO@olf=\skip50
\f@ncyO@orf=\skip51
)
Using fancier footers than usual.
(/usr/share/texmf/tex/latex/oberdiek/ifpdf.sty
Package: ifpdf 2001/06/14 v1.0 Providing \ifpdf (HO)
Package ifpdf Info: pdfTeX in pdf mode detected on input line 140.
)
Using ifpdf for the template
(./InsightJournal.sty
Package: InsightJournal 1998/01/11 LaTeX package (Insight markup)
 (/usr/share/texmf/tex/latex/tools/longtable.sty
Package: longtable 2004/02/01 v4.11 Multi-page Table package (DPC)
\LTleft=\skip52
\LTright=\skip53
\LTpre=\skip54
\LTpost=\skip55
\LTchunksize=\count87
\LTcapwidth=\dimen103
\LT@head=\box26
\LT@firsthead=\box27
\LT@foot=\box28
\LT@lastfoot=\box29
\LT@cols=\count88
\LT@rows=\count89
\c@LT@tables=\count90
\c@LT@chunks=\count91
\LT@p@ftn=\toks14
)
(/usr/share/texmf/tex/latex/graphics/graphics.sty
Package: graphics 2001/07/07 v1.0n Standard LaTeX Graphics (DPC,SPQR)

(/usr/share/texmf/tex/latex/graphics/trig.sty
Package: trig 1999/03/16 v1.09 sin cos tan (DPC)
)
(/usr/share/texmf/tex/latex/graphics/graphics.cfg
File: graphics.cfg 2005/02/03 v1.3 graphics configuration of teTeX/TeXLive
)
Package graphics Info: Driver file: pdftex.def on input line 80.

(/usr/share/texmf/tex/latex/graphics/pdftex.def
File: pdftex.def 2002/06/19 v0.03k graphics/color for pdftex
\Gread@gobject=\count92
))
(/usr/share/texmf/tex/latex/picins/picins.sty
Option `picins' Version 3.0 Sep. 1992, TH Darmstadt/HRZ
\@BILD=\box30
\@TEXT=\box31
\d@breite=\dimen104
\d@hoehe=\dimen105
\d@xoff=\dimen106
\d@yoff=\dimen107
\d@shad=\dimen108
\d@dash=\dimen109
\d@boxl=\dimen110
\d@pichskip=\dimen111
\d@tmp=\dimen112
\d@tmpa=\dimen113
\d@bskip=\dimen114
\hsiz@=\dimen115
\p@getot@l=\dimen116
\c@breite=\count93
\c@hoehe=\count94
\c@xoff=\count95
\c@yoff=\count96
\c@pos=\count97
\c@shad=\count98
\c@dash=\count99
\c@boxl=\count100
\c@zeilen=\count101
\@changemode=\count102
\c@piccaption=\count103
\c@piccaptionpos=\count104
\c@picpos=\count105
\c@whole=\count106
\c@half=\count107
\c@tmp=\count108
\c@tmpa=\count109
\c@tmpb=\count110
\c@tmpc=\count111
\c@tmpd=\count112
\d@leftskip=\skip56
\ptoti=\dimen117
\ptotii=\dimen118
\env@box=\box32
\d@envdp=\dimen119
\c@hsize=\count113
\c@envdp=\count114
\d@envb=\dimen120
)
(/usr/share/texmf/tex/latex/floatflt/floatflt.sty
Package: floatflt 1997/07/16 v. 1.31
\c@OptionTest=\count115
\figbox=\box33
\tabbox=\box34
\pagebox=\box35
\ffigcount=\count116
\ftabcount=\count117
\fftest=\count118
\hangcount=\count119
\nosuccesstryfig=\count120
\nosuccesstrytab=\count121
\figgutter=\dimen121
\tabgutter=\dimen122
\htdone=\dimen123
\pageht=\dimen124
\startpageht=\dimen125
\tabbredd=\dimen126
\floatfltwidth=\dimen127
\fltitemwidth=\dimen128
\outputpretest=\toks15
)
(/usr/share/texmf/tex/latex/url/url.sty
\Urlmuskip=\muskip10
Package: url 2004/03/15  ver 3.1  Verb mode for urls, etc.
)
(/usr/share/texmf/tex/latex/amsmath/amsmath.sty
Package: amsmath 2000/07/18 v2.13 AMS math features
\@mathmargin=\skip57

For additional information on amsmath, use the `?' option.
(/usr/share/texmf/tex/latex/amsmath/amstext.sty
Package: amstext 2000/06/29 v2.01

(/usr/share/texmf/tex/latex/amsmath/amsgen.sty
File: amsgen.sty 1999/11/30 v2.0
\@emptytoks=\toks16
\ex@=\dimen129
))
(/usr/share/texmf/tex/latex/amsmath/amsbsy.sty
Package: amsbsy 1999/11/29 v1.2d
\pmbraise@=\dimen130
)
(/usr/share/texmf/tex/latex/amsmath/amsopn.sty
Package: amsopn 1999/12/14 v2.01 operator names
)
\inf@bad=\count122
LaTeX Info: Redefining \frac on input line 211.
\uproot@=\count123
\leftroot@=\count124
LaTeX Info: Redefining \overline on input line 307.
\classnum@=\count125
\DOTSCASE@=\count126
LaTeX Info: Redefining \ldots on input line 379.
LaTeX Info: Redefining \dots on input line 382.
LaTeX Info: Redefining \cdots on input line 467.
\Mathstrutbox@=\box36
\strutbox@=\box37
\big@size=\dimen131
LaTeX Font Info:    Redeclaring font encoding OML on input line 567.
LaTeX Font Info:    Redeclaring font encoding OMS on input line 568.
\macc@depth=\count127
\c@MaxMatrixCols=\count128
\dotsspace@=\muskip11
\c@parentequation=\count129
\dspbrk@lvl=\count130
\tag@help=\toks17
\row@=\count131
\column@=\count132
\maxfields@=\count133
\andhelp@=\toks18
\eqnshift@=\dimen132
\alignsep@=\dimen133
\tagshift@=\dimen134
\tagwidth@=\dimen135
\totwidth@=\dimen136
\lineht@=\dimen137
\@envbody=\toks19
\multlinegap=\skip58
\multlinetaggap=\skip59
\mathdisplay@stack=\toks20
LaTeX Info: Redefining \[ on input line 2666.
LaTeX Info: Redefining \] on input line 2667.
)
(/usr/share/texmf/tex/latex/pslatex/pslatex.sty
Package: pslatex 1996/07/24 v1.2 pslatex emulation (DPC)
LaTeX Font Info:    Redeclaring symbol font `operators' on input line 65.
LaTeX Font Info:    Overwriting symbol font `operators' in version `normal'
(Font)                  OT1/cmr/m/n --> OT1/ptmcm/m/n on input line 65.
LaTeX Font Info:    Overwriting symbol font `operators' in version `bold'
(Font)                  OT1/cmr/bx/n --> OT1/ptmcm/m/n on input line 65.
LaTeX Font Info:    Redeclaring symbol font `letters' on input line 66.
LaTeX Font Info:    Overwriting symbol font `letters' in version `normal'
(Font)                  OML/cmm/m/it --> OML/ptmcm/m/it on input line 66.
LaTeX Font Info:    Overwriting symbol font `letters' in version `bold'
(Font)                  OML/cmm/b/it --> OML/ptmcm/m/it on input line 66.
LaTeX Font Info:    Redeclaring symbol font `symbols' on input line 67.
LaTeX Font Info:    Overwriting symbol font `symbols' in version `normal'
(Font)                  OMS/cmsy/m/n --> OMS/pzccm/m/n on input line 67.
LaTeX Font Info:    Overwriting symbol font `symbols' in version `bold'
(Font)                  OMS/cmsy/b/n --> OMS/pzccm/m/n on input line 67.
LaTeX Font Info:    Redeclaring symbol font `largesymbols' on input line 68.
LaTeX Font Info:    Overwriting symbol font `largesymbols' in version `normal'
(Font)                  OMX/cmex/m/n --> OMX/psycm/m/n on input line 68.
LaTeX Font Info:    Overwriting symbol font `largesymbols' in version `bold'
(Font)                  OMX/cmex/m/n --> OMX/psycm/m/n on input line 68.
\symbold=\mathgroup4
\symitalic=\mathgroup5
LaTeX Font Info:    Redeclaring math alphabet \mathbf on input line 74.
LaTeX Font Info:    Overwriting math alphabet `\mathbf' in version `normal'
(Font)                  OT1/cmr/bx/n --> OT1/ptm/bx/n on input line 74.
LaTeX Font Info:    Overwriting math alphabet `\mathbf' in version `bold'
(Font)                  OT1/cmr/bx/n --> OT1/ptm/bx/n on input line 74.
LaTeX Font Info:    Redeclaring math alphabet \mathit on input line 75.
LaTeX Font Info:    Overwriting math alphabet `\mathit' in version `normal'
(Font)                  OT1/cmr/m/it --> OT1/ptm/m/it on input line 75.
LaTeX Font Info:    Overwriting math alphabet `\mathit' in version `bold'
(Font)                  OT1/cmr/bx/it --> OT1/ptm/m/it on input line 75.
)
(/usr/share/texmf/tex/latex/tools/verbatim.sty
Package: verbatim 2003/08/22 v1.5q LaTeX2e package for verbatim enhancements
\every@verbatim=\toks21
\verbatim@line=\toks22
\verbatim@in@stream=\read1
)
(/usr/share/texmf/tex/plain/pdfcolor/pdfcolor.tex)
(/usr/share/texmf/tex/latex/base/alltt.sty
Package: alltt 1997/06/16 v2.0g defines alltt environment
)
\itk@ModSynopsisFile=\write3
)

Package Fancyhdr Warning: \fancyhead's `E' option without twoside option is use
less on input line 149.


Package Fancyhdr Warning: \fancyhead's `E' option without twoside option is use
less on input line 149.

) (/usr/share/texmf/tex/latex/graphics/graphicx.sty
Package: graphicx 1999/02/16 v1.0f Enhanced LaTeX Graphics (DPC,SPQR)

(/usr/share/texmf/tex/latex/graphics/keyval.sty
Package: keyval 1999/03/16 v1.13 key=value parser (DPC)
\KV@toks@=\toks23
)
\Gin@req@height=\dimen138
\Gin@req@width=\dimen139
)
(/usr/share/texmf/tex/latex/hyperref/hyperref.sty
Package: hyperref 2003/11/30 v6.74m Hypertext links for LaTeX
\@linkdim=\dimen140
\Hy@linkcounter=\count134
\Hy@pagecounter=\count135

(/usr/share/texmf/tex/latex/hyperref/pd1enc.def
File: pd1enc.def 2003/11/30 v6.74m Hyperref: PDFDocEncoding definition (HO)
)
(/usr/share/texmf/tex/latex/hyperref/hyperref.cfg
File: hyperref.cfg 2002/06/06 v1.2 hyperref configuration of TeXLive and teTeX
)
Package hyperref Info: Option `bookmarks' set `true' on input line 1830.
Package hyperref Info: Option `bookmarksopen' set `true' on input line 1830.
Package hyperref Info: Option `colorlinks' set `true' on input line 1830.
Package hyperref Info: Hyper figures OFF on input line 1880.
Package hyperref Info: Link nesting OFF on input line 1885.
Package hyperref Info: Hyper index ON on input line 1888.
Package hyperref Info: Plain pages ON on input line 1893.
Package hyperref Info: Backreferencing ON on input line 1898.

Implicit mode ON; LaTeX internals redefined
Package hyperref Info: Bookmarks ON on input line 2004.
(/usr/share/texmf/tex/latex/hyperref/backref.sty
Package: backref 2003/03/20 v1.23 Bibliographical back referencing
)
LaTeX Info: Redefining \url on input line 2143.
\Fld@menulength=\count136
\Field@Width=\dimen141
\Fld@charsize=\dimen142
\Choice@toks=\toks24
\Field@toks=\toks25
Package hyperref Info: Hyper figures OFF on input line 2618.
Package hyperref Info: Link nesting OFF on input line 2623.
Package hyperref Info: Hyper index ON on input line 2626.
Package hyperref Info: backreferencing ON on input line 2631.
Package hyperref Info: Link coloring ON on input line 2636.
\c@Item=\count137
\c@Hfootnote=\count138
)
*hyperref using default driver hpdftex*
(/usr/share/texmf/tex/latex/hyperref/hpdftex.def
File: hpdftex.def 2003/11/30 v6.74m Hyperref driver for pdfTeX

(/usr/share/texmf/tex/latex/psnfss/pifont.sty
Package: pifont 2004/09/15 PSNFSS-v9.2 Pi font support (SPQR) 
LaTeX Font Info:    Try loading font information for U+pzd on input line 63.

(/usr/share/texmf/tex/latex/psnfss/upzd.fd
File: upzd.fd 2001/06/04 font definitions for U/pzd.
)
LaTeX Font Info:    Try loading font information for U+psy on input line 64.

(/usr/share/texmf/tex/latex/psnfss/upsy.fd
File: upsy.fd 2001/06/04 font definitions for U/psy.
))
\Fld@listcount=\count139
\@outlinefile=\write4
) (./ArticleMANCOVA.aux)
\openout1 = `ArticleMANCOVA.aux'.

LaTeX Font Info:    Checking defaults for OML/cmm/m/it on input line 47.
LaTeX Font Info:    ... okay on input line 47.
LaTeX Font Info:    Checking defaults for T1/cmr/m/n on input line 47.
LaTeX Font Info:    ... okay on input line 47.
LaTeX Font Info:    Checking defaults for OT1/cmr/m/n on input line 47.
LaTeX Font Info:    ... okay on input line 47.
LaTeX Font Info:    Checking defaults for OMS/pzccm/m/n on input line 47.
LaTeX Font Info:    Try loading font information for OMS+pzccm on input line 47
.

(/usr/share/texmf/tex/latex/psnfss/omspzccm.fd
File: omspzccm.fd 2000/01/03 Fontinst v1.801 font definitions for OMS/pzccm.
)
LaTeX Font Info:    ... okay on input line 47.
LaTeX Font Info:    Checking defaults for OMX/cmex/m/n on input line 47.
LaTeX Font Info:    ... okay on input line 47.
LaTeX Font Info:    Checking defaults for U/cmr/m/n on input line 47.
LaTeX Font Info:    ... okay on input line 47.
LaTeX Font Info:    Checking defaults for PD1/pdf/m/n on input line 47.
LaTeX Font Info:    ... okay on input line 47.

(/usr/share/texmf/tex/context/base/supp-pdf.tex
(/usr/share/texmf/tex/context/base/supp-mis.tex
loading : Context Support Macros / Miscellaneous (2004.10.26)
\protectiondepth=\count140
\scratchcounter=\count141
\scratchtoks=\toks26
\scratchdimen=\dimen143
\scratchskip=\skip60
\scratchmuskip=\muskip12
\scratchbox=\box38
\scratchread=\read2
\scratchwrite=\write5
\zeropoint=\dimen144
\onepoint=\dimen145
\onebasepoint=\dimen146
\minusone=\count142
\thousandpoint=\dimen147
\onerealpoint=\dimen148
\emptytoks=\toks27
\nextbox=\box39
\nextdepth=\dimen149
\everyline=\toks28
\!!counta=\count143
\!!countb=\count144
\recursecounter=\count145
)
loading : Context Support Macros / PDF (2004.03.26)
\nofMPsegments=\count146
\nofMParguments=\count147
\MPscratchCnt=\count148
\MPscratchDim=\dimen150
\MPnumerator=\count149
\everyMPtoPDFconversion=\toks29
) (/usr/share/texmf/tex/latex/graphics/color.sty
Package: color 1999/02/16 v1.0i Standard LaTeX Color (DPC)
LaTeX Info: Redefining \color on input line 71.

(/usr/share/texmf/tex/latex/graphics/color.cfg
File: color.cfg 2005/02/03 v1.3 color configuration of teTeX/TeXLive
)
Package color Info: Driver file: pdftex.def on input line 125.
)
Package hyperref Info: Link coloring ON on input line 47.

(/usr/share/texmf/tex/latex/hyperref/nameref.sty
Package: nameref 2003/12/03 v2.21 Cross-referencing by name of section
\c@section@level=\count150
)
LaTeX Info: Redefining \ref on input line 47.
LaTeX Info: Redefining \pageref on input line 47.
 (./ArticleMANCOVA.out)
(./ArticleMANCOVA.out)
\openout4 = `ArticleMANCOVA.out'.



Package Fancyhdr Warning: \fancyfoot's `E' option without twoside option is use
less on input line 54.


Underfull \hbox (badness 10000) in paragraph at lines 56--56

 []

LaTeX Font Info:    Font shape `OT1/phv/m/n' will be
(Font)              scaled to size 22.39185pt on input line 56.
LaTeX Font Info:    Font shape `OT1/phv/m/it' in size <12> not available
(Font)              Font shape `OT1/phv/m/sl' tried instead on input line 56.
LaTeX Font Info:    Font shape `OT1/phv/m/sl' will be
(Font)              scaled to size 10.79993pt on input line 56.
LaTeX Font Info:    Font shape `OT1/phv/m/n' will be
(Font)              scaled to size 12.9599pt on input line 56.
LaTeX Font Info:    Font shape `OT1/ptm/bx/n' in size <10> not available
(Font)              Font shape `OT1/ptm/b/n' tried instead on input line 65.
LaTeX Font Info:    Try loading font information for OT1+ptmcm on input line 73
.
(/usr/share/texmf/tex/latex/psnfss/ot1ptmcm.fd
File: ot1ptmcm.fd 2000/01/03 Fontinst v1.801 font definitions for OT1/ptmcm.
)
LaTeX Font Info:    Try loading font information for OML+ptmcm on input line 73
.

(/usr/share/texmf/tex/latex/psnfss/omlptmcm.fd
File: omlptmcm.fd 2000/01/03 Fontinst v1.801 font definitions for OML/ptmcm.
)
LaTeX Font Info:    Try loading font information for OMX+psycm on input line 73
.

(/usr/share/texmf/tex/latex/psnfss/omxpsycm.fd
File: omxpsycm.fd 2000/01/03 Fontinst v1.801 font definitions for OMX/psycm.
)
LaTeX Font Info:    Font shape `OT1/ptm/bx/n' in size <10.95> not available
(Font)              Font shape `OT1/ptm/b/n' tried instead on input line 73.
LaTeX Font Info:    Font shape `OT1/ptm/bx/n' in size <8> not available
(Font)              Font shape `OT1/ptm/b/n' tried instead on input line 73.
LaTeX Font Info:    Font shape `OT1/ptm/bx/n' in size <6> not available
(Font)              Font shape `OT1/ptm/b/n' tried instead on input line 73.

Overfull \hbox (12.27496pt too wide) in paragraph at lines 73--74
[][] 
 []

(./ArticleMANCOVA.toc [1

{/usr/share/texmf-var/fonts/map/pdftex/updmap/pdftex.map}])
\tf@toc=\write6
\openout6 = `ArticleMANCOVA.toc'.

Missing character: There is no â in font ptmr7t!
Missing character: There is no € in font ptmr7t!
Missing character: There is no ™ in font ptmr7t!
LaTeX Font Info:    Font shape `OT1/phv/m/n' will be
(Font)              scaled to size 9.85492pt on input line 83.


Package Fancyhdr Warning: \headheight is too small (12.0pt): 
 Make it at least 13.59999pt.
 We now make it that large for the rest of the document.
 This may cause the page layout to be inconsistent, however.

[2] <IJ_TraditionalAp.pdf, id=188, 1075.01625pt x 150.5625pt>
File: IJ_TraditionalAp.pdf Graphic file (type pdf)

<use IJ_TraditionalAp.pdf>
LaTeX Font Info:    Font shape `OT1/phv/m/n' will be
(Font)              scaled to size 8.99994pt on input line 94.
LaTeX Font Info:    Font shape `OT1/phv/m/n' will be
(Font)              scaled to size 10.79993pt on input line 101.
LaTeX Font Info:    Font shape `OT1/ptm/bx/n' in size <12> not available
(Font)              Font shape `OT1/ptm/b/n' tried instead on input line 101.
LaTeX Font Info:    Font shape `OT1/ptm/bx/n' in size <9> not available
(Font)              Font shape `OT1/ptm/b/n' tried instead on input line 101.
LaTeX Font Info:    Font shape `OT1/ptm/bx/n' in size <7> not available
(Font)              Font shape `OT1/ptm/b/n' tried instead on input line 101.


Package hyperref Warning: Token not allowed in a PDFDocEncoded string,
(hyperref)                removing `math shift' on input line 101.


Package hyperref Warning: Token not allowed in a PDFDocEncoded string,
(hyperref)                removing `superscript' on input line 101.


Package hyperref Warning: Token not allowed in a PDFDocEncoded string,
(hyperref)                removing `math shift' on input line 101.

LaTeX Font Info:    Font shape `OMS/ptm/m/n' in size <10.95> not available
(Font)              Font shape `OMS/pzccm/m/n' tried instead on input line 107.

<IJ_PermTests.pdf, id=189, 268.00125pt x 255.95625pt>
File: IJ_PermTests.pdf Graphic file (type pdf)
 <use IJ_PermTests.pdf>
<IJ_PermTests2.pdf, id=190, 525.965pt x 159.59625pt>
File: IJ_PermTests2.pdf Graphic file (type pdf)
 <use IJ_PermTests2.pdf>
LaTeX Font Info:    Font shape `OT1/ptm/bx/n' in size <7.4> not available
(Font)              Font shape `OT1/ptm/b/n' tried instead on input line 118.

[3 <./IJ_TraditionalAp.pdf>]
LaTeX Font Info:    Font shape `OT1/ptm/bx/n' in size <5> not available
(Font)              Font shape `OT1/ptm/b/n' tried instead on input line 133.
 [4 <./IJ_PermTests.pdf> <./IJ_PermTests2.pdf>]
<IJ_NewAp.pdf, id=256, 1236.62pt x 165.61874pt>
File: IJ_NewAp.pdf Graphic file (type pdf)
 <use IJ_NewAp.pdf> [5] [6 <./IJ_NewAp.pdf>] [7]
Missing character: There is no Â in font ptmr7t!
Missing character: There is no ’ in font ptmr7t!
Missing character: There is no Â in font ptmr7t!
Missing character: There is no ’ in font ptmr7t!
Missing character: There is no Â in font ptmr7t!
Missing character: There is no ’ in font ptmr7t!
 [8] <IJ_InputFile.pdf, id=329, 818.05624pt x 273.02pt>
File: IJ_InputFile.pdf Graphic file (type pdf)

<use IJ_InputFile.pdf>
LaTeX Font Info:    Font shape `OT1/pcr/bx/n' in size <10.95> not available
(Font)              Font shape `OT1/pcr/b/n' tried instead on input line 335.
LaTeX Font Info:    Font shape `OT1/pcr/bx/n' in size <10> not available
(Font)              Font shape `OT1/pcr/b/n' tried instead on input line 335.
 [9 <./IJ_InputFile.pdf>] [10] [11] [12]
Missing character: There is no Â in font ptmr7t!
Missing character: There is no ’ in font ptmr7t!
Missing character: There is no Â in font ptmr7t!
Missing character: There is no ’ in font ptmr7t!
Missing character: There is no Â in font ptmr7t!
Missing character: There is no ’ in font ptmr7t!
Missing character: There is no Â in font ptmr7t!
Missing character: There is no ’ in font ptmr7t!

<IJ_AnalysisScenario1_MeanA.pdf, id=378, 1004.75375pt x 865.2325pt>
File: IJ_AnalysisScenario1_MeanA.pdf Graphic file (type pdf)

<use IJ_AnalysisScenario1_MeanA.pdf>
<IJ_AnalysisScenario1_MeanB.pdf, id=379, 1004.75375pt x 865.2325pt>
File: IJ_AnalysisScenario1_MeanB.pdf Graphic file (type pdf)

<use IJ_AnalysisScenario1_MeanB.pdf>
<IJ_AnalysisScenario1_MeanDiff.pdf, id=380, 326.21875pt x 278.03876pt>
File: IJ_AnalysisScenario1_MeanDiff.pdf Graphic file (type pdf)

<use IJ_AnalysisScenario1_MeanDiff.pdf>
<IJ_AnalysisScenario1_NormProjections.pdf, id=381, 1004.75375pt x 1198.4775pt>
File: IJ_AnalysisScenario1_NormProjections.pdf Graphic file (type pdf)

<use IJ_AnalysisScenario1_NormProjections.pdf>
<IJ_AnalysisScenario1_RawPValues.pdf, id=382, 1004.75375pt x 995.72pt>
File: IJ_AnalysisScenario1_RawPValues.pdf Graphic file (type pdf)

<use IJ_AnalysisScenario1_RawPValues.pdf>
<IJ_AnalysisScenario1_Correlations.pdf, id=383, 1004.75375pt x 1116.17pt>
File: IJ_AnalysisScenario1_Correlations.pdf Graphic file (type pdf)

<use IJ_AnalysisScenario1_Correlations.pdf> [13] [14 <./IJ_AnalysisScenario1_Me
anA.pdf> <./IJ_AnalysisScenario1_MeanB.pdf> <./IJ_AnalysisScenario1_MeanDiff.pd
f> <./IJ_AnalysisScenario1_NormProjections.pdf>] [15 <./IJ_AnalysisScenario1_Ra
wPValues.pdf> <./IJ_AnalysisScenario1_Correlations.pdf>]
<IJ_AnalysisScenario2_MeanDiff.pdf, id=446, 1004.75375pt x 944.52875pt>
File: IJ_AnalysisScenario2_MeanDiff.pdf Graphic file (type pdf)

<use IJ_AnalysisScenario2_MeanDiff.pdf>
<IJ_AnalysisScenario2_Vectors.pdf, id=447, 1004.75375pt x 934.49126pt>
File: IJ_AnalysisScenario2_Vectors.pdf Graphic file (type pdf)

<use IJ_AnalysisScenario2_Vectors.pdf>
<IJ_AnalysisScenario2_RawPValues.pdf, id=448, 1004.75375pt x 928.46875pt>
File: IJ_AnalysisScenario2_RawPValues.pdf Graphic file (type pdf)

<use IJ_AnalysisScenario2_RawPValues.pdf> [16 <./IJ_AnalysisScenario2_MeanDiff.
pdf>] [17 <./IJ_AnalysisScenario2_Vectors.pdf> <./IJ_AnalysisScenario2_RawPValu
es.pdf>]
<IJ_AnalysisScenario3_Correlations.pdf, id=480, 1003.75pt x 1255.69125pt>
File: IJ_AnalysisScenario3_Correlations.pdf Graphic file (type pdf)

<use IJ_AnalysisScenario3_Correlations.pdf> (./ArticleMANCOVA.bbl
(./ArticleMANCOVA.brf)
\tf@brf=\write7
\openout7 = `ArticleMANCOVA.brf'.

 [18] [19 <./IJ_AnalysisScenario3_Correlations.pdf>]
Missing character: There is no Ã in font ptmr7t!
Missing character: There is no ¶ in font ptmr7t!
Missing character: There is no Ã in font ptmr7t!
Missing character: There is no ¶ in font ptmr7t!

[20]) [21] (./ArticleMANCOVA.aux) ) 
Here is how much of TeX's memory you used:
 4912 strings out of 94500
 64026 string characters out of 1173668
 125666 words of memory out of 1000000
 7841 multiletter control sequences out of 10000+50000
 66963 words of font info for 133 fonts, out of 500000 for 2000
 581 hyphenation exceptions out of 1000
 41i,12n,45p,1784b,484s stack positions out of 1500i,500n,5000p,200000b,5000s
PDF statistics:
 552 PDF objects out of 300000
 101 named destinations out of 131072
 292 words of extra memory for PDF output out of 65536
{/usr/share/texmf/fonts/enc/dvips/psnfss/8r.
enc}</usr/share/texmf/fonts/type1/urw/courier/ucrb8a.pfb></usr/share/texmf/font
s/type1/bluesky/cm/cmex10.pfb></usr/share/texmf/fonts/type1/urw/symbol/usyr.pfb
></usr/share/texmf/fonts/type1/bluesky/cm/cmmi10.pfb></usr/share/texmf/fonts/ty
pe1/bluesky/cm/cmr10.pfb></usr/share/texmf/fonts/type1/bluesky/cm/cmsy10.pfb></
usr/share/texmf/fonts/type1/urw/courier/ucrr8a.pfb></usr/share/texmf/fonts/type
1/urw/times/utmb8a.pfb></usr/share/texmf/fonts/type1/urw/times/utmri8a.pfb></us
r/share/texmf/fonts/type1/urw/times/utmr8a.pfb></usr/share/texmf/fonts/type1/ur
w/helvetic/uhvro8a.pfb></usr/share/texmf/fonts/type1/urw/helvetic/uhvr8a.pfb>
Output written on ArticleMANCOVA.pdf (21 pages, 866297 bytes).
